  [1m[35m (0.9ms)[0m  [1m[35mCREATE DATABASE "todolist-app_development" ENCODING = 'unicode'[0m
  ↳ bin/rails:9
  [1m[35m (0.8ms)[0m  [1m[35mCREATE DATABASE "todolist-app_test" ENCODING = 'unicode'[0m
  ↳ bin/rails:9
  [1m[35m (0.2ms)[0m  [1m[34mSELECT pg_try_advisory_lock(34377518426153490)[0m
  ↳ bin/rails:9
  [1m[35m (1.1ms)[0m  [1m[34mSELECT "schema_migrations"."version" FROM "schema_migrations" ORDER BY "schema_migrations"."version" ASC[0m
  ↳ bin/rails:9
Migrating to CreateEmails (20200305143119)
  [1m[35m (0.2ms)[0m  [1m[35mBEGIN[0m
  ↳ bin/rails:9
  [1m[35m (2.8ms)[0m  [1m[35mCREATE TABLE "emails" ("id" bigserial primary key, "object" character varying, "body" text, "created_at" timestamp NOT NULL, "updated_at" timestamp NOT NULL)[0m
  ↳ db/migrate/20200305143119_create_emails.rb:3
  [1m[35m (0.1ms)[0m  [1m[31mROLLBACK[0m
  ↳ bin/rails:9
  [1m[35m (0.3ms)[0m  [1m[34mSELECT pg_advisory_unlock(34377518426153490)[0m
  ↳ bin/rails:9
Started GET "/" for ::1 at 2020-03-05 22:59:12 +0100
  [1m[35m (1.2ms)[0m  [1m[34mSELECT "schema_migrations"."version" FROM "schema_migrations" ORDER BY "schema_migrations"."version" ASC[0m
  ↳ /home/arno/.rvm/gems/ruby-2.5.1/gems/activerecord-5.2.1/lib/active_record/log_subscriber.rb:98
  
ActiveRecord::PendingMigrationError (

Migrations are pending. To resolve this issue, run:

        bin/rails db:migrate RAILS_ENV=development

):
  
activerecord (5.2.1) lib/active_record/migration.rb:579:in `check_pending!'
activerecord (5.2.1) lib/active_record/migration.rb:556:in `call'
actionpack (5.2.1) lib/action_dispatch/middleware/callbacks.rb:28:in `block in call'
activesupport (5.2.1) lib/active_support/callbacks.rb:98:in `run_callbacks'
actionpack (5.2.1) lib/action_dispatch/middleware/callbacks.rb:26:in `call'
actionpack (5.2.1) lib/action_dispatch/middleware/executor.rb:14:in `call'
actionpack (5.2.1) lib/action_dispatch/middleware/debug_exceptions.rb:61:in `call'
web-console (3.7.0) lib/web_console/middleware.rb:135:in `call_app'
web-console (3.7.0) lib/web_console/middleware.rb:30:in `block in call'
web-console (3.7.0) lib/web_console/middleware.rb:20:in `catch'
web-console (3.7.0) lib/web_console/middleware.rb:20:in `call'
actionpack (5.2.1) lib/action_dispatch/middleware/show_exceptions.rb:33:in `call'
railties (5.2.1) lib/rails/rack/logger.rb:38:in `call_app'
railties (5.2.1) lib/rails/rack/logger.rb:26:in `block in call'
activesupport (5.2.1) lib/active_support/tagged_logging.rb:71:in `block in tagged'
activesupport (5.2.1) lib/active_support/tagged_logging.rb:28:in `tagged'
activesupport (5.2.1) lib/active_support/tagged_logging.rb:71:in `tagged'
railties (5.2.1) lib/rails/rack/logger.rb:26:in `call'
sprockets-rails (3.2.1) lib/sprockets/rails/quiet_assets.rb:13:in `call'
actionpack (5.2.1) lib/action_dispatch/middleware/remote_ip.rb:81:in `call'
actionpack (5.2.1) lib/action_dispatch/middleware/request_id.rb:27:in `call'
rack (2.0.7) lib/rack/method_override.rb:22:in `call'
rack (2.0.7) lib/rack/runtime.rb:22:in `call'
activesupport (5.2.1) lib/active_support/cache/strategy/local_cache_middleware.rb:29:in `call'
actionpack (5.2.1) lib/action_dispatch/middleware/executor.rb:14:in `call'
actionpack (5.2.1) lib/action_dispatch/middleware/static.rb:127:in `call'
rack (2.0.7) lib/rack/sendfile.rb:111:in `call'
railties (5.2.1) lib/rails/engine.rb:524:in `call'
puma (3.12.2) lib/puma/configuration.rb:227:in `call'
puma (3.12.2) lib/puma/server.rb:674:in `handle_request'
puma (3.12.2) lib/puma/server.rb:476:in `process_client'
puma (3.12.2) lib/puma/server.rb:334:in `block in run'
puma (3.12.2) lib/puma/thread_pool.rb:135:in `block in spawn_thread'
  [1m[35m (0.2ms)[0m  [1m[34mSELECT pg_try_advisory_lock(34377518426153490)[0m
  ↳ bin/rails:9
  [1m[35m (0.8ms)[0m  [1m[34mSELECT "schema_migrations"."version" FROM "schema_migrations" ORDER BY "schema_migrations"."version" ASC[0m
  ↳ bin/rails:9
Migrating to CreateEmails (20200305143119)
  [1m[35m (0.2ms)[0m  [1m[35mBEGIN[0m
  ↳ bin/rails:9
  [1m[35m (2.4ms)[0m  [1m[35mCREATE TABLE "emails" ("id" bigserial primary key, "object" character varying, "body" text, "created_at" timestamp NOT NULL, "updated_at" timestamp NOT NULL)[0m
  ↳ db/migrate/20200305143119_create_emails.rb:3
  [1m[35m (0.2ms)[0m  [1m[31mROLLBACK[0m
  ↳ bin/rails:9
  [1m[35m (0.3ms)[0m  [1m[34mSELECT pg_advisory_unlock(34377518426153490)[0m
  ↳ bin/rails:9
  [1m[35m (0.7ms)[0m  [1m[34mSELECT "schema_migrations"."version" FROM "schema_migrations" ORDER BY "schema_migrations"."version" ASC[0m
  ↳ /home/arno/.rvm/gems/ruby-2.5.1/bin/rake:23
  [1m[35m (22.8ms)[0m  [1m[34mSELECT "ar_internal_metadata"."value" FROM "ar_internal_metadata" WHERE "ar_internal_metadata"."key" = $1[0m  [["key", "environment"]]
  ↳ /home/arno/.rvm/gems/ruby-2.5.1/bin/rake:23
  [1m[35m (0.4ms)[0m  [1m[34mSELECT "schema_migrations"."version" FROM "schema_migrations" ORDER BY "schema_migrations"."version" ASC[0m
  ↳ /home/arno/.rvm/gems/ruby-2.5.1/bin/rake:23
  [1m[35m (0.4ms)[0m  [1m[34mSELECT "ar_internal_metadata"."value" FROM "ar_internal_metadata" WHERE "ar_internal_metadata"."key" = $1[0m  [["key", "environment"]]
  ↳ /home/arno/.rvm/gems/ruby-2.5.1/bin/rake:23
  [1m[35m (0.7ms)[0m  [1m[34mSELECT "schema_migrations"."version" FROM "schema_migrations" ORDER BY "schema_migrations"."version" ASC[0m
  ↳ /home/arno/.rvm/gems/ruby-2.5.1/bin/rake:23
  [1m[35m (0.4ms)[0m  [1m[34mSELECT "ar_internal_metadata"."value" FROM "ar_internal_metadata" WHERE "ar_internal_metadata"."key" = $1[0m  [["key", "environment"]]
  ↳ /home/arno/.rvm/gems/ruby-2.5.1/bin/rake:23
  [1m[35m (249.7ms)[0m  [1m[35mDROP DATABASE IF EXISTS "todolist-app_development"[0m
  ↳ /home/arno/.rvm/gems/ruby-2.5.1/bin/rake:23
  [1m[35m (223.3ms)[0m  [1m[35mDROP DATABASE IF EXISTS "todolist-app_test"[0m
  ↳ /home/arno/.rvm/gems/ruby-2.5.1/bin/rake:23
  [1m[35m (3549.5ms)[0m  [1m[35mCREATE DATABASE "todolist-app_development" ENCODING = 'unicode'[0m
  ↳ bin/rails:9
  [1m[35m (3344.5ms)[0m  [1m[35mCREATE DATABASE "todolist-app_test" ENCODING = 'unicode'[0m
  ↳ bin/rails:9
  [1m[35m (62.7ms)[0m  [1m[35mCREATE TABLE "schema_migrations" ("version" character varying NOT NULL PRIMARY KEY)[0m
  ↳ bin/rails:9
  [1m[35m (61.0ms)[0m  [1m[35mCREATE TABLE "ar_internal_metadata" ("key" character varying NOT NULL PRIMARY KEY, "value" character varying, "created_at" timestamp NOT NULL, "updated_at" timestamp NOT NULL)[0m
  ↳ bin/rails:9
  [1m[35m (0.5ms)[0m  [1m[34mSELECT pg_try_advisory_lock(34377518426153490)[0m
  ↳ bin/rails:9
  [1m[35m (0.8ms)[0m  [1m[34mSELECT "schema_migrations"."version" FROM "schema_migrations" ORDER BY "schema_migrations"."version" ASC[0m
  ↳ bin/rails:9
Migrating to DeviseCreateUsers (20181115104424)
  [1m[35m (0.2ms)[0m  [1m[35mBEGIN[0m
  ↳ bin/rails:9
  [1m[35m (52.5ms)[0m  [1m[35mCREATE TABLE "users" ("id" bigserial primary key, "email" character varying DEFAULT '' NOT NULL, "encrypted_password" character varying DEFAULT '' NOT NULL, "reset_password_token" character varying, "reset_password_sent_at" timestamp, "remember_created_at" timestamp, "created_at" timestamp NOT NULL, "updated_at" timestamp NOT NULL)[0m
  ↳ db/migrate/20181115104424_devise_create_users.rb:5
  [1m[35m (23.5ms)[0m  [1m[35mCREATE UNIQUE INDEX  "index_users_on_email" ON "users"  ("email")[0m
  ↳ db/migrate/20181115104424_devise_create_users.rb:39
  [1m[35m (23.6ms)[0m  [1m[35mCREATE UNIQUE INDEX  "index_users_on_reset_password_token" ON "users"  ("reset_password_token")[0m
  ↳ db/migrate/20181115104424_devise_create_users.rb:40
  [1m[36mActiveRecord::SchemaMigration Create (0.5ms)[0m  [1m[32mINSERT INTO "schema_migrations" ("version") VALUES ($1) RETURNING "version"[0m  [["version", "20181115104424"]]
  ↳ bin/rails:9
  [1m[35m (11.7ms)[0m  [1m[35mCOMMIT[0m
  ↳ bin/rails:9
Migrating to CreateCategories (20181115131426)
  [1m[35m (0.3ms)[0m  [1m[35mBEGIN[0m
  ↳ bin/rails:9
  [1m[35m (49.7ms)[0m  [1m[35mCREATE TABLE "categories" ("id" bigserial primary key, "title" character varying, "created_at" timestamp NOT NULL, "updated_at" timestamp NOT NULL)[0m
  ↳ db/migrate/20181115131426_create_categories.rb:3
  [1m[36mActiveRecord::SchemaMigration Create (0.5ms)[0m  [1m[32mINSERT INTO "schema_migrations" ("version") VALUES ($1) RETURNING "version"[0m  [["version", "20181115131426"]]
  ↳ bin/rails:9
  [1m[35m (11.8ms)[0m  [1m[35mCOMMIT[0m
  ↳ bin/rails:9
Migrating to CreateTasks (20181116110123)
  [1m[35m (0.3ms)[0m  [1m[35mBEGIN[0m
  ↳ bin/rails:9
  [1m[35m (51.5ms)[0m  [1m[35mCREATE TABLE "tasks" ("id" bigserial primary key, "created_at" timestamp NOT NULL, "updated_at" timestamp NOT NULL, "title" character varying, "status" boolean DEFAULT FALSE, "deadline" timestamp, "category_id" bigint)[0m
  ↳ db/migrate/20181116110123_create_tasks.rb:3
  [1m[35m (29.1ms)[0m  [1m[35mCREATE  INDEX  "index_tasks_on_category_id" ON "tasks"  ("category_id")[0m
  ↳ db/migrate/20181116110123_create_tasks.rb:3
  [1m[36mActiveRecord::SchemaMigration Create (0.6ms)[0m  [1m[32mINSERT INTO "schema_migrations" ("version") VALUES ($1) RETURNING "version"[0m  [["version", "20181116110123"]]
  ↳ bin/rails:9
  [1m[35m (11.8ms)[0m  [1m[35mCOMMIT[0m
  ↳ bin/rails:9
Migrating to AddImagetoTask (20181116110124)
  [1m[35m (0.3ms)[0m  [1m[35mBEGIN[0m
  ↳ bin/rails:9
  [1m[35m (1.3ms)[0m  [1m[35mALTER TABLE "tasks" ADD "image" character varying[0m
  ↳ db/migrate/20181116110124_add_imageto_task.rb:3
  [1m[36mActiveRecord::SchemaMigration Create (0.6ms)[0m  [1m[32mINSERT INTO "schema_migrations" ("version") VALUES ($1) RETURNING "version"[0m  [["version", "20181116110124"]]
  ↳ bin/rails:9
  [1m[35m (11.7ms)[0m  [1m[35mCOMMIT[0m
  ↳ bin/rails:9
Migrating to CreateEmails (20200305143119)
  [1m[35m (0.2ms)[0m  [1m[35mBEGIN[0m
  ↳ bin/rails:9
  [1m[35m (49.4ms)[0m  [1m[35mCREATE TABLE "emails" ("id" bigserial primary key, "object" character varying, "body" text, "created_at" timestamp NOT NULL, "updated_at" timestamp NOT NULL)[0m
  ↳ db/migrate/20200305143119_create_emails.rb:3
  [1m[36mActiveRecord::SchemaMigration Create (0.6ms)[0m  [1m[32mINSERT INTO "schema_migrations" ("version") VALUES ($1) RETURNING "version"[0m  [["version", "20200305143119"]]
  ↳ bin/rails:9
  [1m[35m (11.8ms)[0m  [1m[35mCOMMIT[0m
  ↳ bin/rails:9
  [1m[36mActiveRecord::InternalMetadata Load (0.7ms)[0m  [1m[34mSELECT  "ar_internal_metadata".* FROM "ar_internal_metadata" WHERE "ar_internal_metadata"."key" = $1 LIMIT $2[0m  [["key", "environment"], ["LIMIT", 1]]
  ↳ bin/rails:9
  [1m[35m (0.2ms)[0m  [1m[35mBEGIN[0m
  ↳ bin/rails:9
  [1m[36mActiveRecord::InternalMetadata Create (0.6ms)[0m  [1m[32mINSERT INTO "ar_internal_metadata" ("key", "value", "created_at", "updated_at") VALUES ($1, $2, $3, $4) RETURNING "key"[0m  [["key", "environment"], ["value", "development"], ["created_at", "2020-03-05 22:04:05.387734"], ["updated_at", "2020-03-05 22:04:05.387734"]]
  ↳ bin/rails:9
  [1m[35m (11.8ms)[0m  [1m[35mCOMMIT[0m
  ↳ bin/rails:9
  [1m[35m (0.4ms)[0m  [1m[34mSELECT pg_advisory_unlock(34377518426153490)[0m
  ↳ bin/rails:9
  [1m[35m (0.4ms)[0m  [1m[34mSELECT "schema_migrations"."version" FROM "schema_migrations" ORDER BY "schema_migrations"."version" ASC[0m
  ↳ bin/rails:9
  [1m[35m (0.7ms)[0m  [1m[34mSELECT "schema_migrations"."version" FROM "schema_migrations" ORDER BY "schema_migrations"."version" ASC[0m
  ↳ bin/rails:9
  [1m[35m (0.2ms)[0m  [1m[35mBEGIN[0m
  ↳ db/seeds.rb:21
  [1m[36mEmail Create (0.8ms)[0m  [1m[32mINSERT INTO "emails" ("object", "body", "created_at", "updated_at") VALUES ($1, $2, $3, $4) RETURNING "id"[0m  [["object", "officia"], ["body", "[\"Aut dolores cupiditate. Esse quibusdam id. Pariatur aut dolorum.\", \"Dolorem aut ipsum. Ut fugit ut. Enim placeat non.\", \"Quos consequatur accusamus. Nobis esse aut. Ducimus autem velit.\"]"], ["created_at", "2020-03-05 22:04:14.544569"], ["updated_at", "2020-03-05 22:04:14.544569"]]
  ↳ db/seeds.rb:21
  [1m[35m (11.7ms)[0m  [1m[35mCOMMIT[0m
  ↳ db/seeds.rb:21
  [1m[35m (0.2ms)[0m  [1m[35mBEGIN[0m
  ↳ db/seeds.rb:21
  [1m[36mEmail Create (0.5ms)[0m  [1m[32mINSERT INTO "emails" ("object", "body", "created_at", "updated_at") VALUES ($1, $2, $3, $4) RETURNING "id"[0m  [["object", "voluptate"], ["body", "[\"Adipisci minus quo. Ut facere et. Inventore dignissimos qui.\", \"Nihil vel quia. Quia sit dolore. Cumque dolor ut.\", \"Voluptatem illum qui. Provident aliquid quisquam. Exercitationem voluptas ea.\"]"], ["created_at", "2020-03-05 22:04:14.559646"], ["updated_at", "2020-03-05 22:04:14.559646"]]
  ↳ db/seeds.rb:21
  [1m[35m (11.6ms)[0m  [1m[35mCOMMIT[0m
  ↳ db/seeds.rb:21
  [1m[35m (0.3ms)[0m  [1m[35mBEGIN[0m
  ↳ db/seeds.rb:21
  [1m[36mEmail Create (0.6ms)[0m  [1m[32mINSERT INTO "emails" ("object", "body", "created_at", "updated_at") VALUES ($1, $2, $3, $4) RETURNING "id"[0m  [["object", "vel"], ["body", "[\"Qui et ut. Ducimus sunt tempora. Id aliquid et.\", \"Alias nemo repellat. Magni rerum vel. Vel et ut.\", \"Enim ratione illo. Velit reiciendis exercitationem. Rerum hic ad.\"]"], ["created_at", "2020-03-05 22:04:14.576601"], ["updated_at", "2020-03-05 22:04:14.576601"]]
  ↳ db/seeds.rb:21
  [1m[35m (11.7ms)[0m  [1m[35mCOMMIT[0m
  ↳ db/seeds.rb:21
  [1m[35m (0.3ms)[0m  [1m[35mBEGIN[0m
  ↳ db/seeds.rb:21
  [1m[36mEmail Create (0.5ms)[0m  [1m[32mINSERT INTO "emails" ("object", "body", "created_at", "updated_at") VALUES ($1, $2, $3, $4) RETURNING "id"[0m  [["object", "quibusdam"], ["body", "[\"Nihil repellendus aliquid. Sit enim adipisci. Excepturi et hic.\", \"Vel ex iusto. Numquam deleniti tempore. Voluptatem repudiandae dolores.\", \"Optio minus deleniti. Amet quisquam et. Odio aut perspiciatis.\"]"], ["created_at", "2020-03-05 22:04:14.592678"], ["updated_at", "2020-03-05 22:04:14.592678"]]
  ↳ db/seeds.rb:21
  [1m[35m (11.7ms)[0m  [1m[35mCOMMIT[0m
  ↳ db/seeds.rb:21
  [1m[35m (0.3ms)[0m  [1m[35mBEGIN[0m
  ↳ db/seeds.rb:21
  [1m[36mEmail Create (0.5ms)[0m  [1m[32mINSERT INTO "emails" ("object", "body", "created_at", "updated_at") VALUES ($1, $2, $3, $4) RETURNING "id"[0m  [["object", "sequi"], ["body", "[\"Vitae deserunt aspernatur. Voluptatibus quis corporis. Dignissimos voluptates soluta.\", \"Doloremque maiores error. Dolorem natus consequuntur. Earum reiciendis deleniti.\", \"Aut non praesentium. Recusandae eaque quod. Minima voluptates aut.\"]"], ["created_at", "2020-03-05 22:04:14.608497"], ["updated_at", "2020-03-05 22:04:14.608497"]]
  ↳ db/seeds.rb:21
  [1m[35m (11.7ms)[0m  [1m[35mCOMMIT[0m
  ↳ db/seeds.rb:21
Started GET "/" for ::1 at 2020-03-05 23:06:08 +0100
  [1m[35m (0.9ms)[0m  [1m[34mSELECT "schema_migrations"."version" FROM "schema_migrations" ORDER BY "schema_migrations"."version" ASC[0m
  ↳ /home/arno/.rvm/gems/ruby-2.5.1/gems/activerecord-5.2.1/lib/active_record/log_subscriber.rb:98
Processing by EmailController#index as HTML
  Rendering email/index.html.erb within layouts/application
  [1m[36mEmail Load (0.9ms)[0m  [1m[34mSELECT "emails".* FROM "emails"[0m
  ↳ app/views/email/index.html.erb:13
  Rendered email/index.html.erb within layouts/application (17.2ms)
  Rendered layouts/_navbar.html.erb (2.9ms)
  Rendered layouts/_flash.html.erb (0.7ms)
Completed 200 OK in 6032ms (Views: 6018.8ms | ActiveRecord: 6.9ms)


Started GET "/" for ::1 at 2020-03-05 23:09:07 +0100
Processing by EmailController#index as HTML
  Rendering email/index.html.erb within layouts/application
  [1m[36mEmail Load (0.4ms)[0m  [1m[34mSELECT "emails".* FROM "emails"[0m
  ↳ app/views/email/index.html.erb:13
  Rendered email/index.html.erb within layouts/application (2.9ms)
  Rendered layouts/_navbar.html.erb (0.9ms)
  Rendered layouts/_flash.html.erb (0.4ms)
Completed 200 OK in 37ms (Views: 34.3ms | ActiveRecord: 0.4ms)


Started GET "/" for ::1 at 2020-03-05 23:11:17 +0100
Processing by EmailController#index as HTML
  Rendering email/index.html.erb within layouts/application
  [1m[36mEmail Load (0.4ms)[0m  [1m[34mSELECT "emails".* FROM "emails"[0m
  ↳ app/views/email/index.html.erb:13
  Rendered email/index.html.erb within layouts/application (3.9ms)
  Rendered layouts/_navbar.html.erb (0.9ms)
  Rendered layouts/_flash.html.erb (0.4ms)
Completed 200 OK in 41ms (Views: 39.0ms | ActiveRecord: 0.4ms)


Started GET "/" for ::1 at 2020-03-05 23:11:46 +0100
Processing by EmailController#index as HTML
  Rendering email/index.html.erb within layouts/application
  [1m[36mEmail Load (0.4ms)[0m  [1m[34mSELECT "emails".* FROM "emails"[0m
  ↳ app/views/email/index.html.erb:13
  Rendered email/index.html.erb within layouts/application (2.7ms)
  Rendered layouts/_navbar.html.erb (1.9ms)
  Rendered layouts/_flash.html.erb (0.5ms)
Completed 200 OK in 37ms (Views: 34.8ms | ActiveRecord: 0.4ms)


Started GET "/" for ::1 at 2020-03-05 23:12:14 +0100
Processing by EmailController#index as HTML
  Rendering email/index.html.erb within layouts/application
  [1m[36mEmail Load (0.5ms)[0m  [1m[34mSELECT "emails".* FROM "emails"[0m
  ↳ app/views/email/index.html.erb:13
  Rendered email/index.html.erb within layouts/application (3.4ms)
  Rendered layouts/_navbar.html.erb (0.8ms)
  Rendered layouts/_flash.html.erb (0.3ms)
Completed 200 OK in 36ms (Views: 34.2ms | ActiveRecord: 0.5ms)


Started GET "/" for ::1 at 2020-03-05 23:12:47 +0100
Processing by EmailController#index as HTML
  Rendering email/index.html.erb within layouts/application
  [1m[36mEmail Load (0.7ms)[0m  [1m[34mSELECT "emails".* FROM "emails"[0m
  ↳ app/views/email/index.html.erb:13
  Rendered email/index.html.erb within layouts/application (3.3ms)
  Rendered layouts/_navbar.html.erb (0.9ms)
  Rendered layouts/_flash.html.erb (0.4ms)
Completed 200 OK in 47ms (Views: 45.0ms | ActiveRecord: 0.7ms)


Started GET "/" for ::1 at 2020-03-05 23:13:12 +0100
Processing by EmailController#index as HTML
  Rendering email/index.html.erb within layouts/application
  [1m[36mEmail Load (1.3ms)[0m  [1m[34mSELECT "emails".* FROM "emails"[0m
  ↳ app/views/email/index.html.erb:13
  Rendered email/index.html.erb within layouts/application (4.9ms)
  Rendered layouts/_navbar.html.erb (0.9ms)
  Rendered layouts/_flash.html.erb (0.3ms)
Completed 200 OK in 44ms (Views: 41.2ms | ActiveRecord: 1.3ms)


Started GET "/" for ::1 at 2020-03-05 23:13:26 +0100
Processing by EmailController#index as HTML
  Rendering email/index.html.erb within layouts/application
  [1m[36mEmail Load (0.3ms)[0m  [1m[34mSELECT "emails".* FROM "emails"[0m
  ↳ app/views/email/index.html.erb:13
  Rendered email/index.html.erb within layouts/application (3.0ms)
  Rendered layouts/_navbar.html.erb (1.0ms)
  Rendered layouts/_flash.html.erb (0.3ms)
Completed 200 OK in 38ms (Views: 36.8ms | ActiveRecord: 0.3ms)


Started POST "/email" for ::1 at 2020-03-05 23:13:32 +0100
Processing by EmailController#create as JS
  Parameters: {"utf8"=>"✓", "commit"=>"Recevoir un email"}
  [1m[35m (0.2ms)[0m  [1m[35mBEGIN[0m
  ↳ app/controllers/email_controller.rb:10
  [1m[36mEmail Create (0.6ms)[0m  [1m[32mINSERT INTO "emails" ("object", "body", "created_at", "updated_at") VALUES ($1, $2, $3, $4) RETURNING "id"[0m  [["object", "accusantium"], ["body", "[\"Modi et minus. Ipsam excepturi amet. Aspernatur quas beatae.\", \"Provident et omnis. In est atque. Deserunt quo velit.\", \"Minima eveniet similique. Illum omnis ut. Et qui assumenda.\"]"], ["created_at", "2020-03-05 22:13:32.270680"], ["updated_at", "2020-03-05 22:13:32.270680"]]
  ↳ app/controllers/email_controller.rb:10
  [1m[35m (11.5ms)[0m  [1m[35mCOMMIT[0m
  ↳ app/controllers/email_controller.rb:10
  Rendering email/create.js.erb
  Rendered email/_email.html.erb (0.6ms)
  Rendered email/_email_body.html.erb (0.4ms)
  Rendered email/create.js.erb (4.0ms)
Completed 200 OK in 185ms (Views: 6.9ms | ActiveRecord: 12.2ms)


Started POST "/email" for ::1 at 2020-03-05 23:13:34 +0100
Processing by EmailController#create as JS
  Parameters: {"utf8"=>"✓", "commit"=>"Recevoir un email"}
  [1m[35m (0.1ms)[0m  [1m[35mBEGIN[0m
  ↳ app/controllers/email_controller.rb:10
  [1m[36mEmail Create (0.4ms)[0m  [1m[32mINSERT INTO "emails" ("object", "body", "created_at", "updated_at") VALUES ($1, $2, $3, $4) RETURNING "id"[0m  [["object", "dolores"], ["body", "[\"Est fuga facere. Voluptatibus non sint. Ducimus quisquam cumque.\", \"Eveniet sed aut. Cum blanditiis quaerat. Eum nobis nihil.\", \"Optio hic et. Autem qui quos. Sit beatae et.\"]"], ["created_at", "2020-03-05 22:13:34.311062"], ["updated_at", "2020-03-05 22:13:34.311062"]]
  ↳ app/controllers/email_controller.rb:10
  [1m[35m (11.7ms)[0m  [1m[35mCOMMIT[0m
  ↳ app/controllers/email_controller.rb:10
  Rendering email/create.js.erb
  Rendered email/_email.html.erb (1.5ms)
  Rendered email/_email_body.html.erb (0.4ms)
  Rendered email/create.js.erb (5.3ms)
Completed 200 OK in 28ms (Views: 8.8ms | ActiveRecord: 12.3ms)


Started POST "/email" for ::1 at 2020-03-05 23:13:36 +0100
Processing by EmailController#create as JS
  Parameters: {"utf8"=>"✓", "commit"=>"Recevoir un email"}
  [1m[35m (0.2ms)[0m  [1m[35mBEGIN[0m
  ↳ app/controllers/email_controller.rb:10
  [1m[36mEmail Create (0.4ms)[0m  [1m[32mINSERT INTO "emails" ("object", "body", "created_at", "updated_at") VALUES ($1, $2, $3, $4) RETURNING "id"[0m  [["object", "dicta"], ["body", "[\"Magnam beatae temporibus. Quis porro qui. Aliquid error distinctio.\", \"Aperiam ex laboriosam. Odio in et. Perferendis adipisci cum.\", \"Veritatis expedita et. Modi ab et. Deleniti earum facilis.\"]"], ["created_at", "2020-03-05 22:13:36.228170"], ["updated_at", "2020-03-05 22:13:36.228170"]]
  ↳ app/controllers/email_controller.rb:10
  [1m[35m (11.5ms)[0m  [1m[35mCOMMIT[0m
  ↳ app/controllers/email_controller.rb:10
  Rendering email/create.js.erb
  Rendered email/_email.html.erb (1.1ms)
  Rendered email/_email_body.html.erb (0.7ms)
  Rendered email/create.js.erb (5.6ms)
Completed 200 OK in 26ms (Views: 9.3ms | ActiveRecord: 12.1ms)


Started POST "/email" for ::1 at 2020-03-05 23:13:38 +0100
Processing by EmailController#create as JS
  Parameters: {"utf8"=>"✓", "commit"=>"Recevoir un email"}
  [1m[35m (0.2ms)[0m  [1m[35mBEGIN[0m
  ↳ app/controllers/email_controller.rb:10
  [1m[36mEmail Create (0.8ms)[0m  [1m[32mINSERT INTO "emails" ("object", "body", "created_at", "updated_at") VALUES ($1, $2, $3, $4) RETURNING "id"[0m  [["object", "odit"], ["body", "[\"Facilis quis eos. Deserunt voluptas saepe. Facere ea dolor.\", \"Iste corporis exercitationem. Corrupti iure adipisci. In ea fugit.\", \"Ut quaerat qui. Hic occaecati neque. Ut non reiciendis.\"]"], ["created_at", "2020-03-05 22:13:38.299178"], ["updated_at", "2020-03-05 22:13:38.299178"]]
  ↳ app/controllers/email_controller.rb:10
  [1m[35m (11.4ms)[0m  [1m[35mCOMMIT[0m
  ↳ app/controllers/email_controller.rb:10
  Rendering email/create.js.erb
  Rendered email/_email.html.erb (0.9ms)
  Rendered email/_email_body.html.erb (0.7ms)
  Rendered email/create.js.erb (5.5ms)
Completed 200 OK in 28ms (Views: 9.6ms | ActiveRecord: 12.4ms)


Started GET "/" for ::1 at 2020-03-05 23:14:06 +0100
Processing by EmailController#index as HTML
  Rendering email/index.html.erb within layouts/application
  [1m[36mEmail Load (0.6ms)[0m  [1m[34mSELECT "emails".* FROM "emails"[0m
  ↳ app/views/email/index.html.erb:13
  Rendered email/index.html.erb within layouts/application (5.0ms)
  Rendered layouts/_navbar.html.erb (1.6ms)
  Rendered layouts/_flash.html.erb (0.4ms)
Completed 200 OK in 37ms (Views: 34.4ms | ActiveRecord: 0.6ms)


Started GET "/" for ::1 at 2020-03-05 23:22:47 +0100
  [1m[35m (0.9ms)[0m  [1m[34mSELECT "schema_migrations"."version" FROM "schema_migrations" ORDER BY "schema_migrations"."version" ASC[0m
  ↳ /home/arno/.rvm/gems/ruby-2.5.1/gems/activerecord-5.2.1/lib/active_record/log_subscriber.rb:98
Processing by EmailController#index as HTML
  Rendering email/index.html.erb within layouts/application
  [1m[36mEmail Load (0.8ms)[0m  [1m[34mSELECT "emails".* FROM "emails"[0m
  ↳ app/views/email/index.html.erb:13
  Rendered email/index.html.erb within layouts/application (31.8ms)
  Rendered layouts/_navbar.html.erb (4.3ms)
  Rendered layouts/_flash.html.erb (0.4ms)
Completed 200 OK in 312ms (Views: 294.7ms | ActiveRecord: 7.0ms)


Started POST "/email" for ::1 at 2020-03-05 23:22:54 +0100
Processing by EmailController#create as JS
  Parameters: {"utf8"=>"✓", "commit"=>"Recevoir un email"}
  [1m[35m (0.3ms)[0m  [1m[35mBEGIN[0m
  ↳ app/controllers/email_controller.rb:10
  [1m[36mEmail Create (0.6ms)[0m  [1m[32mINSERT INTO "emails" ("object", "body", "created_at", "updated_at") VALUES ($1, $2, $3, $4) RETURNING "id"[0m  [["object", "illum"], ["body", "[\"Sit nihil numquam. Facilis cupiditate aliquid. Aut rerum delectus.\", \"Quis molestiae quo. Est autem sit. Asperiores maxime quidem.\", \"Natus neque voluptates. Ea est voluptatum. Ipsa omnis sint.\"]"], ["created_at", "2020-03-05 22:22:54.300710"], ["updated_at", "2020-03-05 22:22:54.300710"]]
  ↳ app/controllers/email_controller.rb:10
  [1m[35m (11.5ms)[0m  [1m[35mCOMMIT[0m
  ↳ app/controllers/email_controller.rb:10
  Rendering email/create.js.erb
  Rendered email/_email.html.erb (0.6ms)
  Rendered email/_email_body.html.erb (0.3ms)
  Rendered email/create.js.erb (3.5ms)
Completed 200 OK in 101ms (Views: 6.9ms | ActiveRecord: 12.4ms)


Started GET "/email/1" for ::1 at 2020-03-05 23:22:59 +0100
Processing by EmailController#show as JS
  Parameters: {"id"=>"1"}
  [1m[36mEmail Load (0.4ms)[0m  [1m[34mSELECT  "emails".* FROM "emails" WHERE "emails"."id" = $1 LIMIT $2[0m  [["id", 1], ["LIMIT", 1]]
  ↳ app/controllers/email_controller.rb:18
  Rendering email/show.js.erb
  Rendered email/_show.html.erb (0.7ms)
  Rendered email/show.js.erb (2.3ms)
Completed 200 OK in 11ms (Views: 4.8ms | ActiveRecord: 0.7ms)


Started DELETE "/email/1" for ::1 at 2020-03-05 23:23:03 +0100
Processing by EmailController#destroy as JS
  Parameters: {"id"=>"1"}
  [1m[36mEmail Load (0.6ms)[0m  [1m[34mSELECT  "emails".* FROM "emails" WHERE "emails"."id" = $1 LIMIT $2[0m  [["id", 1], ["LIMIT", 1]]
  ↳ app/controllers/email_controller.rb:33
  [1m[35m (0.2ms)[0m  [1m[35mBEGIN[0m
  ↳ app/controllers/email_controller.rb:35
  [1m[36mEmail Destroy (0.5ms)[0m  [1m[31mDELETE FROM "emails" WHERE "emails"."id" = $1[0m  [["id", 1]]
  ↳ app/controllers/email_controller.rb:35
  [1m[35m (11.5ms)[0m  [1m[35mCOMMIT[0m
  ↳ app/controllers/email_controller.rb:35
  Rendering email/destroy.js.erb
  [1m[36mEmail Load (0.8ms)[0m  [1m[34mSELECT "emails".* FROM "emails"[0m
  ↳ app/views/email/_destroy.html.erb:2
  Rendered email/_destroy.html.erb (3.1ms)
  Rendered email/_destroy_body.html.erb (0.6ms)
  Rendered email/destroy.js.erb (8.2ms)
Completed 200 OK in 32ms (Views: 12.8ms | ActiveRecord: 13.6ms)


Started GET "/email/2" for ::1 at 2020-03-05 23:23:05 +0100
Processing by EmailController#show as JS
  Parameters: {"id"=>"2"}
  [1m[36mEmail Load (0.4ms)[0m  [1m[34mSELECT  "emails".* FROM "emails" WHERE "emails"."id" = $1 LIMIT $2[0m  [["id", 2], ["LIMIT", 1]]
  ↳ app/controllers/email_controller.rb:18
  Rendering email/show.js.erb
  Rendered email/_show.html.erb (0.6ms)
  Rendered email/show.js.erb (2.0ms)
Completed 200 OK in 8ms (Views: 4.7ms | ActiveRecord: 0.4ms)


Started DELETE "/email/2" for ::1 at 2020-03-05 23:23:06 +0100
Processing by EmailController#destroy as JS
  Parameters: {"id"=>"2"}
  [1m[36mEmail Load (0.7ms)[0m  [1m[34mSELECT  "emails".* FROM "emails" WHERE "emails"."id" = $1 LIMIT $2[0m  [["id", 2], ["LIMIT", 1]]
  ↳ app/controllers/email_controller.rb:33
  [1m[35m (0.2ms)[0m  [1m[35mBEGIN[0m
  ↳ app/controllers/email_controller.rb:35
  [1m[36mEmail Destroy (0.5ms)[0m  [1m[31mDELETE FROM "emails" WHERE "emails"."id" = $1[0m  [["id", 2]]
  ↳ app/controllers/email_controller.rb:35
  [1m[35m (11.6ms)[0m  [1m[35mCOMMIT[0m
  ↳ app/controllers/email_controller.rb:35
  Rendering email/destroy.js.erb
  [1m[36mEmail Load (0.5ms)[0m  [1m[34mSELECT "emails".* FROM "emails"[0m
  ↳ app/views/email/_destroy.html.erb:2
  Rendered email/_destroy.html.erb (2.9ms)
  Rendered email/_destroy_body.html.erb (1.0ms)
  Rendered email/destroy.js.erb (7.4ms)
Completed 200 OK in 29ms (Views: 10.8ms | ActiveRecord: 13.4ms)


Started GET "/email/3" for ::1 at 2020-03-05 23:23:08 +0100
Processing by EmailController#show as JS
  Parameters: {"id"=>"3"}
  [1m[36mEmail Load (0.4ms)[0m  [1m[34mSELECT  "emails".* FROM "emails" WHERE "emails"."id" = $1 LIMIT $2[0m  [["id", 3], ["LIMIT", 1]]
  ↳ app/controllers/email_controller.rb:18
  Rendering email/show.js.erb
  Rendered email/_show.html.erb (1.2ms)
  Rendered email/show.js.erb (3.3ms)
Completed 200 OK in 21ms (Views: 8.8ms | ActiveRecord: 0.4ms)


Started DELETE "/email/3" for ::1 at 2020-03-05 23:23:10 +0100
Processing by EmailController#destroy as JS
  Parameters: {"id"=>"3"}
  [1m[36mEmail Load (0.3ms)[0m  [1m[34mSELECT  "emails".* FROM "emails" WHERE "emails"."id" = $1 LIMIT $2[0m  [["id", 3], ["LIMIT", 1]]
  ↳ app/controllers/email_controller.rb:33
  [1m[35m (0.1ms)[0m  [1m[35mBEGIN[0m
  ↳ app/controllers/email_controller.rb:35
  [1m[36mEmail Destroy (0.4ms)[0m  [1m[31mDELETE FROM "emails" WHERE "emails"."id" = $1[0m  [["id", 3]]
  ↳ app/controllers/email_controller.rb:35
  [1m[35m (27.8ms)[0m  [1m[35mCOMMIT[0m
  ↳ app/controllers/email_controller.rb:35
  Rendering email/destroy.js.erb
  [1m[36mEmail Load (0.7ms)[0m  [1m[34mSELECT "emails".* FROM "emails"[0m
  ↳ app/views/email/_destroy.html.erb:2
  Rendered email/_destroy.html.erb (3.1ms)
  Rendered email/_destroy_body.html.erb (0.6ms)
  Rendered email/destroy.js.erb (6.3ms)
Completed 200 OK in 44ms (Views: 10.2ms | ActiveRecord: 29.4ms)


Started GET "/email/5" for ::1 at 2020-03-05 23:23:12 +0100
Processing by EmailController#show as JS
  Parameters: {"id"=>"5"}
  [1m[36mEmail Load (0.5ms)[0m  [1m[34mSELECT  "emails".* FROM "emails" WHERE "emails"."id" = $1 LIMIT $2[0m  [["id", 5], ["LIMIT", 1]]
  ↳ app/controllers/email_controller.rb:18
  Rendering email/show.js.erb
  Rendered email/_show.html.erb (0.5ms)
  Rendered email/show.js.erb (1.6ms)
Completed 200 OK in 10ms (Views: 5.8ms | ActiveRecord: 0.5ms)


Started DELETE "/email/5" for ::1 at 2020-03-05 23:23:14 +0100
Processing by EmailController#destroy as JS
  Parameters: {"id"=>"5"}
  [1m[36mEmail Load (0.4ms)[0m  [1m[34mSELECT  "emails".* FROM "emails" WHERE "emails"."id" = $1 LIMIT $2[0m  [["id", 5], ["LIMIT", 1]]
  ↳ app/controllers/email_controller.rb:33
  [1m[35m (0.2ms)[0m  [1m[35mBEGIN[0m
  ↳ app/controllers/email_controller.rb:35
  [1m[36mEmail Destroy (0.3ms)[0m  [1m[31mDELETE FROM "emails" WHERE "emails"."id" = $1[0m  [["id", 5]]
  ↳ app/controllers/email_controller.rb:35
  [1m[35m (11.6ms)[0m  [1m[35mCOMMIT[0m
  ↳ app/controllers/email_controller.rb:35
  Rendering email/destroy.js.erb
  [1m[36mEmail Load (0.5ms)[0m  [1m[34mSELECT "emails".* FROM "emails"[0m
  ↳ app/views/email/_destroy.html.erb:2
  Rendered email/_destroy.html.erb (3.1ms)
  Rendered email/_destroy_body.html.erb (0.9ms)
  Rendered email/destroy.js.erb (7.7ms)
Completed 200 OK in 28ms (Views: 11.0ms | ActiveRecord: 13.0ms)


Started GET "/email/6" for ::1 at 2020-03-05 23:23:18 +0100
Processing by EmailController#show as JS
  Parameters: {"id"=>"6"}
  [1m[36mEmail Load (0.3ms)[0m  [1m[34mSELECT  "emails".* FROM "emails" WHERE "emails"."id" = $1 LIMIT $2[0m  [["id", 6], ["LIMIT", 1]]
  ↳ app/controllers/email_controller.rb:18
  Rendering email/show.js.erb
  Rendered email/_show.html.erb (0.6ms)
  Rendered email/show.js.erb (2.1ms)
Completed 200 OK in 8ms (Views: 4.8ms | ActiveRecord: 0.3ms)


Started DELETE "/email/6" for ::1 at 2020-03-05 23:23:19 +0100
Processing by EmailController#destroy as JS
  Parameters: {"id"=>"6"}
  [1m[36mEmail Load (0.4ms)[0m  [1m[34mSELECT  "emails".* FROM "emails" WHERE "emails"."id" = $1 LIMIT $2[0m  [["id", 6], ["LIMIT", 1]]
  ↳ app/controllers/email_controller.rb:33
  [1m[35m (0.3ms)[0m  [1m[35mBEGIN[0m
  ↳ app/controllers/email_controller.rb:35
  [1m[36mEmail Destroy (0.4ms)[0m  [1m[31mDELETE FROM "emails" WHERE "emails"."id" = $1[0m  [["id", 6]]
  ↳ app/controllers/email_controller.rb:35
  [1m[35m (11.7ms)[0m  [1m[35mCOMMIT[0m
  ↳ app/controllers/email_controller.rb:35
  Rendering email/destroy.js.erb
  [1m[36mEmail Load (0.6ms)[0m  [1m[34mSELECT "emails".* FROM "emails"[0m
  ↳ app/views/email/_destroy.html.erb:2
  Rendered email/_destroy.html.erb (4.1ms)
  Rendered email/_destroy_body.html.erb (0.6ms)
  Rendered email/destroy.js.erb (7.8ms)
Completed 200 OK in 28ms (Views: 10.9ms | ActiveRecord: 13.3ms)


  [1m[35m (0.4ms)[0m  [1m[34mSELECT pg_try_advisory_lock(34377518426153490)[0m
  ↳ bin/rails:9
  [1m[35m (1.3ms)[0m  [1m[34mSELECT "schema_migrations"."version" FROM "schema_migrations" ORDER BY "schema_migrations"."version" ASC[0m
  ↳ bin/rails:9
  [1m[36mActiveRecord::InternalMetadata Load (0.7ms)[0m  [1m[34mSELECT  "ar_internal_metadata".* FROM "ar_internal_metadata" WHERE "ar_internal_metadata"."key" = $1 LIMIT $2[0m  [["key", "environment"], ["LIMIT", 1]]
  ↳ bin/rails:9
  [1m[35m (0.4ms)[0m  [1m[35mBEGIN[0m
  ↳ bin/rails:9
  [1m[35m (0.2ms)[0m  [1m[35mCOMMIT[0m
  ↳ bin/rails:9
  [1m[35m (0.4ms)[0m  [1m[34mSELECT pg_advisory_unlock(34377518426153490)[0m
  ↳ bin/rails:9
  [1m[35m (0.5ms)[0m  [1m[34mSELECT "schema_migrations"."version" FROM "schema_migrations" ORDER BY "schema_migrations"."version" ASC[0m
  ↳ bin/rails:9
Started GET "/" for ::1 at 2020-03-05 23:24:26 +0100
  [1m[35m (0.8ms)[0m  [1m[34mSELECT "schema_migrations"."version" FROM "schema_migrations" ORDER BY "schema_migrations"."version" ASC[0m
  ↳ /home/arno/.rvm/gems/ruby-2.5.1/gems/activerecord-5.2.1/lib/active_record/log_subscriber.rb:98
Processing by EmailController#index as HTML
  Rendering email/index.html.erb within layouts/application
  [1m[36mEmail Load (0.7ms)[0m  [1m[34mSELECT "emails".* FROM "emails"[0m
  ↳ app/views/email/index.html.erb:13
  Rendered email/index.html.erb within layouts/application (14.9ms)
  Rendered layouts/_navbar.html.erb (4.6ms)
  Rendered layouts/_flash.html.erb (0.6ms)
Completed 200 OK in 300ms (Views: 288.4ms | ActiveRecord: 5.8ms)


Started GET "/email/4" for ::1 at 2020-03-05 23:24:31 +0100
Processing by EmailController#show as JS
  Parameters: {"id"=>"4"}
  [1m[36mEmail Load (0.4ms)[0m  [1m[34mSELECT  "emails".* FROM "emails" WHERE "emails"."id" = $1 LIMIT $2[0m  [["id", 4], ["LIMIT", 1]]
  ↳ app/controllers/email_controller.rb:18
  Rendering email/show.js.erb
  Rendered email/_show.html.erb (1.1ms)
  Rendered email/show.js.erb (3.0ms)
Completed 200 OK in 11ms (Views: 6.4ms | ActiveRecord: 0.6ms)


Started DELETE "/email/4" for ::1 at 2020-03-05 23:24:41 +0100
Processing by EmailController#destroy as JS
  Parameters: {"id"=>"4"}
  [1m[36mEmail Load (0.5ms)[0m  [1m[34mSELECT  "emails".* FROM "emails" WHERE "emails"."id" = $1 LIMIT $2[0m  [["id", 4], ["LIMIT", 1]]
  ↳ app/controllers/email_controller.rb:33
  [1m[35m (0.2ms)[0m  [1m[35mBEGIN[0m
  ↳ app/controllers/email_controller.rb:35
  [1m[36mEmail Destroy (0.4ms)[0m  [1m[31mDELETE FROM "emails" WHERE "emails"."id" = $1[0m  [["id", 4]]
  ↳ app/controllers/email_controller.rb:35
  [1m[35m (11.7ms)[0m  [1m[35mCOMMIT[0m
  ↳ app/controllers/email_controller.rb:35
  Rendering email/destroy.js.erb
  [1m[36mEmail Load (0.4ms)[0m  [1m[34mSELECT "emails".* FROM "emails"[0m
  ↳ app/views/email/_destroy.html.erb:2
  Rendered email/_destroy.html.erb (2.3ms)
  Rendered email/_destroy_body.html.erb (1.0ms)
  Rendered email/destroy.js.erb (6.4ms)
Completed 200 OK in 27ms (Views: 8.6ms | ActiveRecord: 13.2ms)


Started GET "/email/7" for ::1 at 2020-03-05 23:24:44 +0100
Processing by EmailController#show as JS
  Parameters: {"id"=>"7"}
  [1m[36mEmail Load (0.4ms)[0m  [1m[34mSELECT  "emails".* FROM "emails" WHERE "emails"."id" = $1 LIMIT $2[0m  [["id", 7], ["LIMIT", 1]]
  ↳ app/controllers/email_controller.rb:18
  Rendering email/show.js.erb
  Rendered email/_show.html.erb (1.0ms)
  Rendered email/show.js.erb (2.3ms)
Completed 200 OK in 9ms (Views: 5.4ms | ActiveRecord: 0.4ms)


Started DELETE "/email/7" for ::1 at 2020-03-05 23:24:46 +0100
Processing by EmailController#destroy as JS
  Parameters: {"id"=>"7"}
  [1m[36mEmail Load (0.5ms)[0m  [1m[34mSELECT  "emails".* FROM "emails" WHERE "emails"."id" = $1 LIMIT $2[0m  [["id", 7], ["LIMIT", 1]]
  ↳ app/controllers/email_controller.rb:33
  [1m[35m (0.3ms)[0m  [1m[35mBEGIN[0m
  ↳ app/controllers/email_controller.rb:35
  [1m[36mEmail Destroy (0.5ms)[0m  [1m[31mDELETE FROM "emails" WHERE "emails"."id" = $1[0m  [["id", 7]]
  ↳ app/controllers/email_controller.rb:35
  [1m[35m (11.6ms)[0m  [1m[35mCOMMIT[0m
  ↳ app/controllers/email_controller.rb:35
  Rendering email/destroy.js.erb
  [1m[36mEmail Load (0.4ms)[0m  [1m[34mSELECT "emails".* FROM "emails"[0m
  ↳ app/views/email/_destroy.html.erb:2
  Rendered email/_destroy.html.erb (2.5ms)
  Rendered email/_destroy_body.html.erb (0.7ms)
  Rendered email/destroy.js.erb (6.1ms)
Completed 200 OK in 29ms (Views: 8.5ms | ActiveRecord: 13.3ms)


